<?xml version="1.0" encoding="UTF-8"?>
<!-- Generated by org.testng.reporters.JUnitReportReporter -->
<testsuite hostname="WINDOWS-PAQN9I2" failures="0" tests="1" name="testng.HardAssertions" time="0.026" errors="0" timestamp="2024-09-19T09:31:55 IST" skipped="0">
  <testcase classname="testng.HardAssertions" name="test" time="0.026"/>
  <system-out/>
</testsuite> <!-- testng.HardAssertions -->
