<?xml version="1.0" encoding="UTF-8"?>
<!-- Generated by org.testng.reporters.JUnitReportReporter -->
<testsuite hostname="WINDOWS-PAQN9I2" failures="0" tests="2" name="testng.Annotations2" time="0.018" errors="0" timestamp="2024-10-07T11:42:15 IST" skipped="0">
  <testcase classname="testng.Annotations2" name="search" time="0.011"/>
  <system-out/>
  <testcase classname="testng.Annotations2" name="advsearch" time="0.007"/>
  <system-out/>
</testsuite> <!-- testng.Annotations2 -->
