<?xml version="1.0" encoding="UTF-8"?>
<!-- Generated by org.testng.reporters.JUnitReportReporter -->
<testsuite hostname="WINDOWS-PAQN9I2" failures="0" tests="2" name="testng.Annotations1" time="0.062" errors="0" timestamp="2024-10-07T11:41:49 IST" skipped="0">
  <testcase classname="testng.Annotations1" name="search" time="0.058"/>
  <system-out/>
  <testcase classname="testng.Annotations1" name="advsearch" time="0.004"/>
  <system-out/>
</testsuite> <!-- testng.Annotations1 -->
