<?xml version="1.0" encoding="UTF-8"?>
<!-- Generated by org.testng.reporters.JUnitReportReporter -->
<testsuite hostname="WINDOWS-PAQN9I2" failures="0" tests="3" name="testng.login" time="0.023" errors="0" timestamp="2024-09-19T12:48:22 IST" skipped="0">
  <testcase classname="testng.login" name="loginByEmail" time="0.018"/>
  <system-out/>
  <testcase classname="testng.login" name="loginByFacebook" time="0.002"/>
  <system-out/>
  <testcase classname="testng.login" name="loginByTwitter" time="0.003"/>
  <system-out/>
</testsuite> <!-- testng.login -->
