<?xml version="1.0" encoding="UTF-8"?>
<!-- Generated by org.testng.reporters.JUnitReportReporter -->
<testsuite hostname="WINDOWS-PAQN9I2" failures="0" tests="2" name="testng1.C2" time="0.010" errors="0" timestamp="2024-09-19T08:27:03 IST" skipped="0">
  <testcase classname="testng1.C2" name="xyz" time="0.005"/>
  <system-out/>
  <testcase classname="testng1.C2" name="xyz" time="0.005"/>
  <system-out/>
</testsuite> <!-- testng1.C2 -->
