<?xml version="1.0" encoding="UTF-8"?>
<!-- Generated by org.testng.reporters.JUnitReportReporter -->
<testsuite hostname="WINDOWS-PAQN9I2" failures="0" tests="2" name="testng1.C3" time="0.006" errors="0" timestamp="2024-09-19T08:27:03 IST" skipped="0">
  <testcase classname="testng1.C3" name="pqr" time="0.004"/>
  <system-out/>
  <testcase classname="testng1.C3" name="pqr" time="0.002"/>
  <system-out/>
</testsuite> <!-- testng1.C3 -->
