<?xml version="1.0" encoding="UTF-8"?>
<!-- Generated by org.testng.reporters.JUnitReportReporter -->
<testsuite hostname="WINDOWS-PAQN9I2" failures="0" tests="3" name="testng.Testcase01" time="0.017" errors="0" timestamp="2024-09-18T13:21:21 IST" skipped="0">
  <testcase classname="testng.Testcase01" name="openapp" time="0.010"/>
  <system-out/>
  <testcase classname="testng.Testcase01" name="login" time="0.004"/>
  <system-out/>
  <testcase classname="testng.Testcase01" name="logout" time="0.003"/>
  <system-out/>
</testsuite> <!-- testng.Testcase01 -->
