<?xml version="1.0" encoding="UTF-8"?>
<!-- Generated by org.testng.reporters.JUnitReportReporter -->
<testsuite hostname="WINDOWS-PAQN9I2" failures="0" tests="2" name="testng.PaymentTest" time="0.025" errors="0" timestamp="2024-09-19T13:40:58 IST" skipped="0">
  <testcase classname="testng.PaymentTest" name="paymentInRs" time="0.020"/>
  <system-out/>
  <testcase classname="testng.PaymentTest" name="paymentInDollors" time="0.005"/>
  <system-out/>
</testsuite> <!-- testng.PaymentTest -->
