<?xml version="1.0" encoding="UTF-8"?>
<!-- Generated by org.testng.reporters.JUnitReportReporter -->
<testsuite hostname="WINDOWS-PAQN9I2" failures="0" tests="2" name="testng1.Allannotations" time="0.031" errors="0" timestamp="2024-10-16T13:03:11 IST" skipped="0">
  <testcase classname="testng1.Allannotations" name="abc" time="0.024"/>
  <system-out/>
  <testcase classname="testng1.Allannotations" name="xyz" time="0.007"/>
  <system-out/>
</testsuite> <!-- testng1.Allannotations -->
