<?xml version="1.0" encoding="UTF-8"?>
<!-- Generated by org.testng.reporters.JUnitReportReporter -->
<testsuite hostname="WINDOWS-PAQN9I2" failures="0" tests="3" name="testng.Testcase02" time="41.429" errors="0" timestamp="2024-09-18T13:21:21 IST" skipped="0">
  <testcase classname="testng.Testcase02" name="openapp" time="35.121"/>
  <system-out/>
  <testcase classname="testng.Testcase02" name="testlogo" time="3.202"/>
  <system-out/>
  <testcase classname="testng.Testcase02" name="login" time="3.106"/>
  <system-out/>
</testsuite> <!-- testng.Testcase02 -->
